  SingleHandGesture.cpp
c:\development\efficio\core\cpp\enumerations.h(20): warning C4091: 'extern ': ignored on left of 'Efficio::Body::BodyTrackingType' when no variable is declared
c:\development\efficio\core\cpp\enumerations.h(26): warning C4091: 'extern ': ignored on left of 'Efficio::GestureType' when no variable is declared
c:\development\efficio\core\cpp\enumerations.h(31): warning C4091: 'extern ': ignored on left of 'Efficio::GestureState' when no variable is declared
c:\development\efficio\core\cpp\bodyside.h(19): warning C4091: 'extern ': ignored on left of 'Efficio::Models::Body::BodySide' when no variable is declared
c:\development\efficio\core\cpp\singlehandgesture.h(24): warning C4091: 'extern ': ignored on left of 'Efficio::InputRecognition::Human::Hands::SingleHandGesture' when no variable is declared
  Pinch.cpp
c:\development\efficio\core\cpp\enumerations.h(20): warning C4091: 'extern ': ignored on left of 'Efficio::Body::BodyTrackingType' when no variable is declared
c:\development\efficio\core\cpp\enumerations.h(26): warning C4091: 'extern ': ignored on left of 'Efficio::GestureType' when no variable is declared
c:\development\efficio\core\cpp\enumerations.h(31): warning C4091: 'extern ': ignored on left of 'Efficio::GestureState' when no variable is declared
c:\development\efficio\core\cpp\bodyside.h(19): warning C4091: 'extern ': ignored on left of 'Efficio::Models::Body::BodySide' when no variable is declared
c:\development\efficio\core\cpp\singlehandgesture.h(24): warning C4091: 'extern ': ignored on left of 'Efficio::InputRecognition::Human::Hands::SingleHandGesture' when no variable is declared
c:\development\efficio\core\cpp\eventtype.h(17): warning C4091: 'extern ': ignored on left of 'Efficio::Events::EventType' when no variable is declared
c:\development\efficio\core\cpp\event.h(21): warning C4091: 'extern ': ignored on left of 'Efficio::Events::Event' when no variable is declared
c:\development\efficio\core\cpp\gesture.h(38): warning C4091: 'extern ': ignored on left of 'Efficio::InputRecognition::Gesture' when no variable is declared
c:\development\efficio\core\cpp\discretegesture.h(22): warning C4091: 'extern ': ignored on left of 'Efficio::InputRecognition::DiscreteGesture' when no variable is declared
c:\development\efficio\core\cpp\vector3.h(25): warning C4251: 'Efficio::Vector3::vector': class 'vmml::Vector<3,float>' needs to have dll-interface to be used by clients of class 'Efficio::Vector3'
  c:\development\efficio\core\cpp\lib\vmml\vector.hpp(420): note: see declaration of 'vmml::Vector<3,float>'
c:\development\efficio\core\cpp\vector3.h(26): warning C4091: 'extern ': ignored on left of 'Efficio::Vector3' when no variable is declared
c:\development\efficio\core\cpp\frame.h(16): warning C4091: 'extern ': ignored on left of 'Efficio::Frame' when no variable is declared
c:\development\efficio\core\cpp\jointtype.h(57): warning C4091: 'extern ': ignored on left of 'Efficio::Models::Body::JointType' when no variable is declared
c:\development\efficio\core\cpp\joint.h(29): warning C4091: 'extern ': ignored on left of 'Efficio::Models::Body::Joint' when no variable is declared
c:\development\efficio\core\cpp\fingertype.h(22): warning C4091: 'extern ': ignored on left of 'Efficio::Models::Body::FingerType' when no variable is declared
c:\development\efficio\core\cpp\finger.h(35): warning C4091: 'extern ': ignored on left of 'Efficio::Models::Body::Finger' when no variable is declared
c:\development\efficio\core\cpp\pinch.h(34): warning C4091: 'extern ': ignored on left of 'Efficio::InputRecognition::Human::Hands::Pinch' when no variable is declared
  Generating Code...
  Skipping... (no relevant changes detected)
  RuntimeCSharp_wrap.cxx
     Creating library C:\Development\Efficio\Core\CPP\x64\Debug\Efficio.lib and object C:\Development\Efficio\Core\CPP\x64\Debug\Efficio.exp
  Efficio.vcxproj -> C:\Development\Efficio\Core\CPP\x64\Debug\Efficio.dll
  Efficio.vcxproj -> C:\Development\Efficio\Core\CPP\x64\Debug\Efficio.pdb (Full PDB)
  C:\Development\libs\LeapSDK\lib\x64\Leap.dll
  1 File(s) copied
