d:\dev-workspace\abantechprojects\efficio\core\cpp\x64\debug\vc140.pdb
d:\dev-workspace\abantechprojects\efficio\core\cpp\x64\debug\vc140.idb
d:\dev-workspace\abantechprojects\efficio\core\cpp\x64\debug\continuousgesture.obj
d:\dev-workspace\abantechprojects\efficio\core\cpp\x64\debug\deviceconfiguration.obj
d:\dev-workspace\abantechprojects\efficio\core\cpp\x64\debug\discretegesture.obj
d:\dev-workspace\abantechprojects\efficio\core\cpp\x64\debug\efficioframe.obj
d:\dev-workspace\abantechprojects\efficio\core\cpp\x64\debug\engine.obj
d:\dev-workspace\abantechprojects\efficio\core\cpp\x64\debug\event.obj
d:\dev-workspace\abantechprojects\efficio\core\cpp\x64\debug\frame.obj
d:\dev-workspace\abantechprojects\efficio\core\cpp\x64\debug\gesture.obj
d:\dev-workspace\abantechprojects\efficio\core\cpp\x64\debug\handjoint.obj
d:\dev-workspace\abantechprojects\efficio\core\cpp\x64\debug\historicalframecollection.obj
d:\dev-workspace\abantechprojects\efficio\core\cpp\x64\debug\leapconfiguration.obj
d:\dev-workspace\abantechprojects\efficio\core\cpp\x64\debug\mainpage.obj
d:\dev-workspace\abantechprojects\efficio\core\cpp\x64\debug\pinch.obj
d:\dev-workspace\abantechprojects\efficio\core\cpp\x64\debug\pinchdetector.obj
d:\dev-workspace\abantechprojects\efficio\core\cpp\x64\debug\runtimecsharp_wrap.obj
d:\dev-workspace\abantechprojects\efficio\core\cpp\x64\debug\singlehandgesture.obj
d:\dev-workspace\abantechprojects\efficio\core\cpp\x64\debug\vector3.obj
d:\dev-workspace\abantechprojects\efficio\core\cpp\x64\debug\efficio.exp
d:\dev-workspace\abantechprojects\efficio\core\cpp\x64\debug\efficio.pdb
d:\dev-workspace\abantechprojects\efficio\core\cpp\x64\debug\efficio.tlog\cl.command.1.tlog
d:\dev-workspace\abantechprojects\efficio\core\cpp\x64\debug\efficio.tlog\cl.read.1.tlog
d:\dev-workspace\abantechprojects\efficio\core\cpp\x64\debug\efficio.tlog\cl.write.1.tlog
d:\dev-workspace\abantechprojects\efficio\core\cpp\x64\debug\efficio.tlog\link-cvtres.read.1.tlog
d:\dev-workspace\abantechprojects\efficio\core\cpp\x64\debug\efficio.tlog\link-cvtres.write.1.tlog
d:\dev-workspace\abantechprojects\efficio\core\cpp\x64\debug\efficio.tlog\link-rc.read.1.tlog
d:\dev-workspace\abantechprojects\efficio\core\cpp\x64\debug\efficio.tlog\link-rc.write.1.tlog
d:\dev-workspace\abantechprojects\efficio\core\cpp\x64\debug\efficio.tlog\link.command.1.tlog
d:\dev-workspace\abantechprojects\efficio\core\cpp\x64\debug\efficio.tlog\link.read.1.tlog
d:\dev-workspace\abantechprojects\efficio\core\cpp\x64\debug\efficio.tlog\link.write.1.tlog
