c:\development\efficio\core\cpp\debug\vc140.pdb
c:\development\efficio\core\cpp\debug\vc140.idb
c:\development\efficio\core\cpp\debug\deviceconfiguration.obj
c:\development\efficio\core\cpp\debug\efficioframe.obj
c:\development\efficio\core\cpp\debug\engine.obj
c:\development\efficio\core\cpp\debug\event.obj
c:\development\efficio\core\cpp\debug\frame.obj
c:\development\efficio\core\cpp\debug\leapconfiguration.obj
c:\development\efficio\core\cpp\debug\mainpage.obj
c:\development\efficio\core\cpp\debug\pinchevent.obj
c:\development\efficio\core\cpp\debug\vector3.obj
c:\development\efficio\core\debug\efficio.lib
c:\development\efficio\core\debug\efficio.exp
c:\development\efficio\core\debug\efficio.ilk
c:\development\efficio\core\debug\efficio.dll
c:\development\efficio\core\debug\efficio.pdb
c:\development\efficio\core\cpp\debug\efficio.tlog\cl.command.1.tlog
c:\development\efficio\core\cpp\debug\efficio.tlog\cl.read.1.tlog
c:\development\efficio\core\cpp\debug\efficio.tlog\cl.write.1.tlog
c:\development\efficio\core\cpp\debug\efficio.tlog\efficio.write.1u.tlog
c:\development\efficio\core\cpp\debug\efficio.tlog\link.command.1.tlog
c:\development\efficio\core\cpp\debug\efficio.tlog\link.read.1.tlog
c:\development\efficio\core\cpp\debug\efficio.tlog\link.write.1.tlog
